[debug] [2021-09-24T19:28:21.148Z] ----------------------------------------------------------------------
[debug] [2021-09-24T19:28:21.151Z] Command:       D:\Program Files\nodejs\node.exe C:\Users\MHAMDI\AppData\Roaming\npm\node_modules\firebase-tools\lib\bin\firebase.js deploy
[debug] [2021-09-24T19:28:21.151Z] CLI Version:   9.18.0
[debug] [2021-09-24T19:28:21.151Z] Platform:      win32
[debug] [2021-09-24T19:28:21.151Z] Node Version:  v14.17.4
[debug] [2021-09-24T19:28:21.152Z] Time:          Fri Sep 24 2021 20:28:21 GMT+0100 (West Africa Standard Time)
[debug] [2021-09-24T19:28:21.153Z] ----------------------------------------------------------------------
[debug] 
[debug] [2021-09-24T19:28:21.374Z] > command requires scopes: ["email","openid","https://www.googleapis.com/auth/cloudplatformprojects.readonly","https://www.googleapis.com/auth/firebase","https://www.googleapis.com/auth/cloud-platform"]
[debug] [2021-09-24T19:28:21.375Z] > authorizing via signed-in user (bavary1515@gmail.com)
[debug] [2021-09-24T19:28:21.375Z] [iam] checking project chat-app-41bde for permissions ["firebase.projects.get","firebasehosting.sites.update"]
[debug] [2021-09-24T19:28:21.379Z] > refreshing access token with scopes: ["email","https://www.googleapis.com/auth/cloud-platform","https://www.googleapis.com/auth/cloudplatformprojects.readonly","https://www.googleapis.com/auth/firebase","openid"]
[debug] [2021-09-24T19:28:21.379Z] >>> HTTP REQUEST POST https://www.googleapis.com/oauth2/v3/token  
 <request body omitted>
[debug] [2021-09-24T19:28:21.750Z] <<< HTTP RESPONSE 200 {"cache-control":"no-cache, no-store, max-age=0, must-revalidate","pragma":"no-cache","expires":"Mon, 01 Jan 1990 00:00:00 GMT","date":"Fri, 24 Sep 2021 19:28:22 GMT","content-type":"application/json; charset=utf-8","vary":"X-Origin, Referer, Origin,Accept-Encoding","server":"scaffolding on HTTPServer2","x-xss-protection":"0","x-frame-options":"SAMEORIGIN","x-content-type-options":"nosniff","alt-svc":"h3=\":443\"; ma=2592000,h3-29=\":443\"; ma=2592000,h3-T051=\":443\"; ma=2592000,h3-Q050=\":443\"; ma=2592000,h3-Q046=\":443\"; ma=2592000,h3-Q043=\":443\"; ma=2592000,quic=\":443\"; ma=2592000; v=\"46,43\"","accept-ranges":"none","transfer-encoding":"chunked"}
[debug] [2021-09-24T19:28:21.837Z] >>> HTTP REQUEST POST https://cloudresourcemanager.googleapis.com/v1/projects/chat-app-41bde:testIamPermissions  
 {"permissions":["firebase.projects.get","firebasehosting.sites.update"]}
[debug] [2021-09-24T19:28:22.800Z] <<< HTTP RESPONSE 200 {"content-type":"application/json; charset=UTF-8","vary":"X-Origin, Referer, Origin,Accept-Encoding","date":"Fri, 24 Sep 2021 19:28:23 GMT","server":"ESF","cache-control":"private","x-xss-protection":"0","x-frame-options":"SAMEORIGIN","x-content-type-options":"nosniff","server-timing":"gfet4t7; dur=650","alt-svc":"h3=\":443\"; ma=2592000,h3-29=\":443\"; ma=2592000,h3-T051=\":443\"; ma=2592000,h3-Q050=\":443\"; ma=2592000,h3-Q046=\":443\"; ma=2592000,h3-Q043=\":443\"; ma=2592000,quic=\":443\"; ma=2592000; v=\"46,43\"","accept-ranges":"none","transfer-encoding":"chunked"}
[debug] [2021-09-24T19:28:22.802Z] > refreshing access token with scopes: []
[debug] [2021-09-24T19:28:22.802Z] >>> HTTP REQUEST POST https://www.googleapis.com/oauth2/v3/token  
 <request body omitted>
[debug] [2021-09-24T19:28:23.061Z] <<< HTTP RESPONSE 200 {"cache-control":"no-cache, no-store, max-age=0, must-revalidate","pragma":"no-cache","expires":"Mon, 01 Jan 1990 00:00:00 GMT","date":"Fri, 24 Sep 2021 19:28:23 GMT","content-type":"application/json; charset=utf-8","vary":"X-Origin, Referer, Origin,Accept-Encoding","server":"scaffolding on HTTPServer2","x-xss-protection":"0","x-frame-options":"SAMEORIGIN","x-content-type-options":"nosniff","alt-svc":"h3=\":443\"; ma=2592000,h3-29=\":443\"; ma=2592000,h3-T051=\":443\"; ma=2592000,h3-Q050=\":443\"; ma=2592000,h3-Q046=\":443\"; ma=2592000,h3-Q043=\":443\"; ma=2592000,quic=\":443\"; ma=2592000; v=\"46,43\"","accept-ranges":"none","transfer-encoding":"chunked"}
[debug] [2021-09-24T19:28:23.122Z] >>> [apiv2][query] GET https://firebase.googleapis.com/v1beta1/projects/chat-app-41bde [none]
[debug] [2021-09-24T19:28:23.551Z] <<< [apiv2][status] GET https://firebase.googleapis.com/v1beta1/projects/chat-app-41bde 200
[debug] [2021-09-24T19:28:23.551Z] <<< [apiv2][body] GET https://firebase.googleapis.com/v1beta1/projects/chat-app-41bde {"projectId":"chat-app-41bde","projectNumber":"10565670356","displayName":"chat app","name":"projects/chat-app-41bde","resources":{"hostingSite":"chat-app-41bde","realtimeDatabaseInstance":"chat-app-41bde-default-rtdb","storageBucket":"chat-app-41bde.appspot.com","locationId":"us-central"},"state":"ACTIVE"}
[info] 
[info] === Deploying to 'chat-app-41bde'...
[info] 
[info] i  deploying hosting 
[debug] [2021-09-24T19:28:23.559Z] > refreshing access token with scopes: ["email","https://www.googleapis.com/auth/cloud-platform","https://www.googleapis.com/auth/cloudplatformprojects.readonly","https://www.googleapis.com/auth/firebase","openid"]
[debug] [2021-09-24T19:28:23.559Z] >>> HTTP REQUEST POST https://www.googleapis.com/oauth2/v3/token  
 <request body omitted>
[debug] [2021-09-24T19:28:23.835Z] <<< HTTP RESPONSE 200 {"cache-control":"no-cache, no-store, max-age=0, must-revalidate","date":"Fri, 24 Sep 2021 19:28:24 GMT","expires":"Mon, 01 Jan 1990 00:00:00 GMT","pragma":"no-cache","content-type":"application/json; charset=utf-8","vary":"X-Origin, Referer, Origin,Accept-Encoding","server":"scaffolding on HTTPServer2","x-xss-protection":"0","x-frame-options":"SAMEORIGIN","x-content-type-options":"nosniff","alt-svc":"h3=\":443\"; ma=2592000,h3-29=\":443\"; ma=2592000,h3-T051=\":443\"; ma=2592000,h3-Q050=\":443\"; ma=2592000,h3-Q046=\":443\"; ma=2592000,h3-Q043=\":443\"; ma=2592000,quic=\":443\"; ma=2592000; v=\"46,43\"","accept-ranges":"none","transfer-encoding":"chunked"}
[debug] [2021-09-24T19:28:23.920Z] >>> HTTP REQUEST POST https://firebasehosting.googleapis.com/v1beta1/sites/chat-app-41bde/versions  
 {"config":{"rewrites":[{"glob":"**","path":"/index.html"}]},"labels":{"deployment-tool":"cli-firebase"}}
[debug] [2021-09-24T19:28:34.858Z] <<< HTTP RESPONSE 503 {"vary":"X-Origin, Referer, Origin,Accept-Encoding","content-type":"application/json; charset=UTF-8","date":"Fri, 24 Sep 2021 19:28:35 GMT","server":"ESF","cache-control":"private","x-xss-protection":"0","x-frame-options":"SAMEORIGIN","x-content-type-options":"nosniff","alt-svc":"h3=\":443\"; ma=2592000,h3-29=\":443\"; ma=2592000,h3-T051=\":443\"; ma=2592000,h3-Q050=\":443\"; ma=2592000,h3-Q046=\":443\"; ma=2592000,h3-Q043=\":443\"; ma=2592000,quic=\":443\"; ma=2592000; v=\"46,43\"","accept-ranges":"none","transfer-encoding":"chunked"}
[debug] [2021-09-24T19:28:34.859Z] <<< HTTP RESPONSE BODY {"error":{"code":503,"message":"The service is currently unavailable.","status":"UNAVAILABLE"}}
[error] 
[error] Error: HTTP Error: 503, The service is currently unavailable.
[debug] [2021-09-24T19:28:35.108Z] Error Context: {
  "body": {
    "error": {
      "code": 503,
      "message": "The service is currently unavailable.",
      "status": "UNAVAILABLE"
    }
  },
  "response": {
    "statusCode": 503,
    "body": {
      "error": {
        "code": 503,
        "message": "The service is currently unavailable.",
        "status": "UNAVAILABLE"
      }
    },
    "headers": {
      "vary": "X-Origin, Referer, Origin,Accept-Encoding",
      "content-type": "application/json; charset=UTF-8",
      "date": "Fri, 24 Sep 2021 19:28:35 GMT",
      "server": "ESF",
      "cache-control": "private",
      "x-xss-protection": "0",
      "x-frame-options": "SAMEORIGIN",
      "x-content-type-options": "nosniff",
      "alt-svc": "h3=\":443\"; ma=2592000,h3-29=\":443\"; ma=2592000,h3-T051=\":443\"; ma=2592000,h3-Q050=\":443\"; ma=2592000,h3-Q046=\":443\"; ma=2592000,h3-Q043=\":443\"; ma=2592000,quic=\":443\"; ma=2592000; v=\"46,43\"",
      "accept-ranges": "none",
      "transfer-encoding": "chunked"
    },
    "request": {
      "uri": {
        "protocol": "https:",
        "slashes": true,
        "auth": null,
        "host": "firebasehosting.googleapis.com",
        "port": 443,
        "hostname": "firebasehosting.googleapis.com",
        "hash": null,
        "search": null,
        "query": null,
        "pathname": "/v1beta1/sites/chat-app-41bde/versions",
        "path": "/v1beta1/sites/chat-app-41bde/versions",
        "href": "https://firebasehosting.googleapis.com/v1beta1/sites/chat-app-41bde/versions"
      },
      "method": "POST"
    }
  }
}
[debug] [2021-09-24T19:29:07.860Z] ----------------------------------------------------------------------
[debug] [2021-09-24T19:29:07.862Z] Command:       D:\Program Files\nodejs\node.exe C:\Users\MHAMDI\AppData\Roaming\npm\node_modules\firebase-tools\lib\bin\firebase.js deploy
[debug] [2021-09-24T19:29:07.863Z] CLI Version:   9.18.0
[debug] [2021-09-24T19:29:07.863Z] Platform:      win32
[debug] [2021-09-24T19:29:07.863Z] Node Version:  v14.17.4
[debug] [2021-09-24T19:29:07.864Z] Time:          Fri Sep 24 2021 20:29:07 GMT+0100 (West Africa Standard Time)
[debug] [2021-09-24T19:29:07.865Z] ----------------------------------------------------------------------
[debug] 
[debug] [2021-09-24T19:29:07.924Z] > command requires scopes: ["email","openid","https://www.googleapis.com/auth/cloudplatformprojects.readonly","https://www.googleapis.com/auth/firebase","https://www.googleapis.com/auth/cloud-platform"]
[debug] [2021-09-24T19:29:07.925Z] > authorizing via signed-in user (bavary1515@gmail.com)
[debug] [2021-09-24T19:29:07.925Z] [iam] checking project chat-app-41bde for permissions ["firebase.projects.get","firebasehosting.sites.update"]
[debug] [2021-09-24T19:29:07.927Z] >>> HTTP REQUEST POST https://cloudresourcemanager.googleapis.com/v1/projects/chat-app-41bde:testIamPermissions  
 {"permissions":["firebase.projects.get","firebasehosting.sites.update"]}
[debug] [2021-09-24T19:29:08.826Z] <<< HTTP RESPONSE 200 {"content-type":"application/json; charset=UTF-8","vary":"X-Origin, Referer, Origin,Accept-Encoding","date":"Fri, 24 Sep 2021 19:29:09 GMT","server":"ESF","cache-control":"private","x-xss-protection":"0","x-frame-options":"SAMEORIGIN","x-content-type-options":"nosniff","server-timing":"gfet4t7; dur=647","alt-svc":"h3=\":443\"; ma=2592000,h3-29=\":443\"; ma=2592000,h3-T051=\":443\"; ma=2592000,h3-Q050=\":443\"; ma=2592000,h3-Q046=\":443\"; ma=2592000,h3-Q043=\":443\"; ma=2592000,quic=\":443\"; ma=2592000; v=\"46,43\"","accept-ranges":"none","transfer-encoding":"chunked"}
[debug] [2021-09-24T19:29:08.828Z] > refreshing access token with scopes: []
[debug] [2021-09-24T19:29:08.829Z] >>> HTTP REQUEST POST https://www.googleapis.com/oauth2/v3/token  
 <request body omitted>
[debug] [2021-09-24T19:29:09.090Z] <<< HTTP RESPONSE 200 {"expires":"Mon, 01 Jan 1990 00:00:00 GMT","date":"Fri, 24 Sep 2021 19:29:09 GMT","pragma":"no-cache","cache-control":"no-cache, no-store, max-age=0, must-revalidate","content-type":"application/json; charset=utf-8","vary":"X-Origin, Referer, Origin,Accept-Encoding","server":"scaffolding on HTTPServer2","x-xss-protection":"0","x-frame-options":"SAMEORIGIN","x-content-type-options":"nosniff","alt-svc":"h3=\":443\"; ma=2592000,h3-29=\":443\"; ma=2592000,h3-T051=\":443\"; ma=2592000,h3-Q050=\":443\"; ma=2592000,h3-Q046=\":443\"; ma=2592000,h3-Q043=\":443\"; ma=2592000,quic=\":443\"; ma=2592000; v=\"46,43\"","accept-ranges":"none","transfer-encoding":"chunked"}
[debug] [2021-09-24T19:29:09.163Z] >>> [apiv2][query] GET https://firebase.googleapis.com/v1beta1/projects/chat-app-41bde [none]
[debug] [2021-09-24T19:29:09.597Z] <<< [apiv2][status] GET https://firebase.googleapis.com/v1beta1/projects/chat-app-41bde 200
[debug] [2021-09-24T19:29:09.597Z] <<< [apiv2][body] GET https://firebase.googleapis.com/v1beta1/projects/chat-app-41bde {"projectId":"chat-app-41bde","projectNumber":"10565670356","displayName":"chat app","name":"projects/chat-app-41bde","resources":{"hostingSite":"chat-app-41bde","realtimeDatabaseInstance":"chat-app-41bde-default-rtdb","storageBucket":"chat-app-41bde.appspot.com","locationId":"us-central"},"state":"ACTIVE"}
[info] 
[info] === Deploying to 'chat-app-41bde'...
[info] 
[info] i  deploying hosting 
[debug] [2021-09-24T19:29:09.604Z] > refreshing access token with scopes: ["email","https://www.googleapis.com/auth/cloud-platform","https://www.googleapis.com/auth/cloudplatformprojects.readonly","https://www.googleapis.com/auth/firebase","openid"]
[debug] [2021-09-24T19:29:09.604Z] >>> HTTP REQUEST POST https://www.googleapis.com/oauth2/v3/token  
 <request body omitted>
[debug] [2021-09-24T19:29:09.862Z] <<< HTTP RESPONSE 200 {"cache-control":"no-cache, no-store, max-age=0, must-revalidate","pragma":"no-cache","date":"Fri, 24 Sep 2021 19:29:10 GMT","expires":"Mon, 01 Jan 1990 00:00:00 GMT","content-type":"application/json; charset=utf-8","vary":"X-Origin, Referer, Origin,Accept-Encoding","server":"scaffolding on HTTPServer2","x-xss-protection":"0","x-frame-options":"SAMEORIGIN","x-content-type-options":"nosniff","alt-svc":"h3=\":443\"; ma=2592000,h3-29=\":443\"; ma=2592000,h3-T051=\":443\"; ma=2592000,h3-Q050=\":443\"; ma=2592000,h3-Q046=\":443\"; ma=2592000,h3-Q043=\":443\"; ma=2592000,quic=\":443\"; ma=2592000; v=\"46,43\"","accept-ranges":"none","transfer-encoding":"chunked"}
[debug] [2021-09-24T19:29:09.951Z] >>> HTTP REQUEST POST https://firebasehosting.googleapis.com/v1beta1/sites/chat-app-41bde/versions  
 {"config":{"rewrites":[{"glob":"**","path":"/index.html"}]},"labels":{"deployment-tool":"cli-firebase"}}
[debug] [2021-09-24T19:29:11.880Z] <<< HTTP RESPONSE 200 {"content-type":"application/json; charset=UTF-8","vary":"X-Origin, Referer, Origin,Accept-Encoding","date":"Fri, 24 Sep 2021 19:29:12 GMT","server":"ESF","cache-control":"private","x-xss-protection":"0","x-frame-options":"SAMEORIGIN","x-content-type-options":"nosniff","alt-svc":"h3=\":443\"; ma=2592000,h3-29=\":443\"; ma=2592000,h3-T051=\":443\"; ma=2592000,h3-Q050=\":443\"; ma=2592000,h3-Q046=\":443\"; ma=2592000,h3-Q043=\":443\"; ma=2592000,quic=\":443\"; ma=2592000; v=\"46,43\"","accept-ranges":"none","transfer-encoding":"chunked"}
[info] i  hosting[chat-app-41bde]: beginning deploy... 
[info] i  hosting[chat-app-41bde]: found 34 files in build 
[debug] [2021-09-24T19:29:11.904Z] [hosting] hash cache [YnVpbGQ] not populated
[debug] [2021-09-24T19:29:12.532Z] > refreshing access token with scopes: []
[debug] [2021-09-24T19:29:12.532Z] >>> HTTP REQUEST POST https://www.googleapis.com/oauth2/v3/token  
 <request body omitted>
[debug] [2021-09-24T19:29:12.534Z] [hosting] hash cache [YnVpbGQ] stored for 34 files
[debug] [2021-09-24T19:29:12.535Z] [hosting][hash queue][FINAL] {"max":592,"min":38,"avg":84.32352941176471,"active":0,"complete":34,"success":34,"errored":0,"retried":0,"total":34,"elapsed":630}
[debug] [2021-09-24T19:29:12.795Z] <<< HTTP RESPONSE 200 {"expires":"Mon, 01 Jan 1990 00:00:00 GMT","pragma":"no-cache","date":"Fri, 24 Sep 2021 19:29:13 GMT","cache-control":"no-cache, no-store, max-age=0, must-revalidate","content-type":"application/json; charset=utf-8","vary":"X-Origin, Referer, Origin,Accept-Encoding","server":"scaffolding on HTTPServer2","x-xss-protection":"0","x-frame-options":"SAMEORIGIN","x-content-type-options":"nosniff","alt-svc":"h3=\":443\"; ma=2592000,h3-29=\":443\"; ma=2592000,h3-T051=\":443\"; ma=2592000,h3-Q050=\":443\"; ma=2592000,h3-Q046=\":443\"; ma=2592000,h3-Q043=\":443\"; ma=2592000,quic=\":443\"; ma=2592000; v=\"46,43\"","accept-ranges":"none","transfer-encoding":"chunked"}
[debug] [2021-09-24T19:29:12.878Z] >>> [apiv2][query] POST https://firebasehosting.googleapis.com/v1beta1/sites/chat-app-41bde/versions/bafec7938b23f5e0:populateFiles [none]
[debug] [2021-09-24T19:29:12.878Z] >>> [apiv2][body] POST https://firebasehosting.googleapis.com/v1beta1/sites/chat-app-41bde/versions/bafec7938b23f5e0:populateFiles {"files":{"/asset-manifest.json":"265cb4fd95fbf49c5b51f4cf16660e8d950dcd01aa741a902d03f591de7004dd","/index.html":"ec43f9d493c09331ba6253df6fa07c7969c5808dc8bf4a14d88e4505e8a720dc","/manifest.json":"aff3449bdc238776f5d6d967f19ec491b36aed5fb7f23ccff6500736fd58494a","/robots.txt":"bfe106a3fb878dc83461c86818bf74fc1bdc7f28538ba613cd3e775516ce8b49","/static/css/main.cfa7afdb.chunk.css":"815e3e7056245e684bbcd79a0240a2bb8edfedc6431cfc68b1cd15bb980d0dac","/static/css/main.cfa7afdb.chunk.css.map":"88439ad5f7518ec45d24d61ca72f7a34043280ebccf92d0d40e5357de1723337","/static/js/2.df7ef799.chunk.js.LICENSE.txt":"7490c8fff08a61749b0fe71863b3a1fd5e2dc72e9340bf094a748c54ac876bc7","/static/js/main.20f038fc.chunk.js":"f2ea123165bf10380ed71a85fb5c26fbe63af65baff409b24eabdf77c0785f17","/static/js/runtime-main.8313d01e.js":"3029bbd2259ddd4aafff611ce1f2b7e655dfcc9ef000c1d34eef4e2d2045cdf8","/static/js/runtime-main.8313d01e.js.map":"50acbc3ba6690fce490174aae3a7bc92732db22be1cbbd06da5d3fcd95ea2e92","/static/media/outline-icons.53671035.ttf":"32e73c77d4d2493e85eba07b5d78f5d9dce40c3963f058a85d64889e298a2006","/static/media/outline-icons.687a4990.woff2":"2d89a0faf29706d4b6638ed18f599eef886b74bc0220f1515da12bc156ed7282","/static/media/outline-icons.ddae9b1b.woff":"ab55aa410cd37e4558b5f08ed994df507363e040bcebaa508f701a7423b0e001","/static/media/outline-icons.752905fa.eot":"145a45b76068d4888605c06dfa228697fd81dc70421dd8ab69788e76b33b139a","/static/media/flags.99f63ae7.png":"cac524e90c64beae88adf680a1f95222e8c6b06f58287e154f07b15cef6e86e9","/logo192.png":"3ee59515172ee198f3be375979df15ac5345183e656720a381b8872b2a39dc8b","/favicon.ico":"eae62e993eb980ec8a25058c39d5a51feab118bd2100c4deebb2a9c158ec11f9","/logo512.png":"ee7e2f3fdb8209c4b6fd7bef6ba50d1b9dba30a25bb5c3126df057e1cb6f5331","/static/js/main.20f038fc.chunk.js.map":"8b9cdd654390cb59eba5ab455a23def11d8dfdfde5a94d8381b7e7977d7c1491","/static/media/icons.38c6d8ba.woff2":"6160eb4d1b1a5d3b82b3d72eb36e6452386bf3b9b793c104c8e002d9aca791c9","/static/media/brand-icons.278156e4.woff2":"2ebbe7de3783c3949604a06fb9beb1d27c9d7cf7e0aaadc0d9f72e57247b33b9","/static/media/brand-icons.cac87dc0.woff":"bc54b585b11b205c8ed78d35af421d3125806b197e33a48a311851e6d3375c7e","/static/media/icons.425399f8.woff":"cf858e669dd53b1392bedff9f8bb6d56622872a2ca2a1dc87bc0a3bd03458e5e","/static/media/outline-icons.9c4845b4.svg":"bc4b3fad701e9901f04a655687ac130024a87230db6c5dac6809fd8416bb2cba","/static/media/brand-icons.65a2fb6d.ttf":"a0d070cd406c91f7683eaf22448700e0b3cd64bb2d25c3150ae20d6262a92968","/static/media/brand-icons.d68fa3e6.eot":"48d842cdbab9d537d4d90d6e1cd9271f8a2abb420d2456d03443b6a62ab0c39c","/static/media/icons.a01e3f2d.eot":"c0054eb39461c278e6d5cc139366fe4a3719c16399a2f8093ecb1a8e7ddb33e9","/static/media/icons.c656b8ca.ttf":"28e24b8ace4febd9f94823317035c32dc567c64ff8ac7e746af45e1c21dc3eff","/static/css/2.78f37336.chunk.css":"f1660f54cd58adce4f5be41e6c717424aff07bab468b1f57cc84ba45340ed8c5","/static/media/icons.62d9dae4.svg":"639b544f1f822b2b8dd3a2c6ec6c4bab8831e18321fc17195597e303b806d146","/static/js/2.df7ef799.chunk.js":"1dffd69951ea6329a022e7e7993f592363aa1c070eb6f9ce10cbe69ea704ab8d","/static/css/2.78f37336.chunk.css.map":"6735c124224b5da855c1d6a606041593128645ee6e5de5847b44ffc6a94b7c56","/static/media/brand-icons.6729d297.svg":"cb9ac3cd861d77606ea1e569ec141086c60fe1b05720496f2c7f0eae28465876","/static/js/2.df7ef799.chunk.js.map":"99d8d54d583342baf97ac71dc9de8cd1f9c2b3ca3d7dd2c40d125ddc1364f257"}}
[debug] [2021-09-24T19:29:14.299Z] <<< [apiv2][status] POST https://firebasehosting.googleapis.com/v1beta1/sites/chat-app-41bde/versions/bafec7938b23f5e0:populateFiles 200
[debug] [2021-09-24T19:29:14.299Z] <<< [apiv2][body] POST https://firebasehosting.googleapis.com/v1beta1/sites/chat-app-41bde/versions/bafec7938b23f5e0:populateFiles {"uploadRequiredHashes":["1dffd69951ea6329a022e7e7993f592363aa1c070eb6f9ce10cbe69ea704ab8d","2d89a0faf29706d4b6638ed18f599eef886b74bc0220f1515da12bc156ed7282","2ebbe7de3783c3949604a06fb9beb1d27c9d7cf7e0aaadc0d9f72e57247b33b9","265cb4fd95fbf49c5b51f4cf16660e8d950dcd01aa741a902d03f591de7004dd","cb9ac3cd861d77606ea1e569ec141086c60fe1b05720496f2c7f0eae28465876","6160eb4d1b1a5d3b82b3d72eb36e6452386bf3b9b793c104c8e002d9aca791c9","99d8d54d583342baf97ac71dc9de8cd1f9c2b3ca3d7dd2c40d125ddc1364f257","cf858e669dd53b1392bedff9f8bb6d56622872a2ca2a1dc87bc0a3bd03458e5e","50acbc3ba6690fce490174aae3a7bc92732db22be1cbbd06da5d3fcd95ea2e92","eae62e993eb980ec8a25058c39d5a51feab118bd2100c4deebb2a9c158ec11f9","a0d070cd406c91f7683eaf22448700e0b3cd64bb2d25c3150ae20d6262a92968","3029bbd2259ddd4aafff611ce1f2b7e655dfcc9ef000c1d34eef4e2d2045cdf8","cac524e90c64beae88adf680a1f95222e8c6b06f58287e154f07b15cef6e86e9","639b544f1f822b2b8dd3a2c6ec6c4bab8831e18321fc17195597e303b806d146","bc54b585b11b205c8ed78d35af421d3125806b197e33a48a311851e6d3375c7e","28e24b8ace4febd9f94823317035c32dc567c64ff8ac7e746af45e1c21dc3eff","8b9cdd654390cb59eba5ab455a23def11d8dfdfde5a94d8381b7e7977d7c1491","815e3e7056245e684bbcd79a0240a2bb8edfedc6431cfc68b1cd15bb980d0dac","ee7e2f3fdb8209c4b6fd7bef6ba50d1b9dba30a25bb5c3126df057e1cb6f5331","bc4b3fad701e9901f04a655687ac130024a87230db6c5dac6809fd8416bb2cba","ec43f9d493c09331ba6253df6fa07c7969c5808dc8bf4a14d88e4505e8a720dc","88439ad5f7518ec45d24d61ca72f7a34043280ebccf92d0d40e5357de1723337","f2ea123165bf10380ed71a85fb5c26fbe63af65baff409b24eabdf77c0785f17","145a45b76068d4888605c06dfa228697fd81dc70421dd8ab69788e76b33b139a","3ee59515172ee198f3be375979df15ac5345183e656720a381b8872b2a39dc8b","bfe106a3fb878dc83461c86818bf74fc1bdc7f28538ba613cd3e775516ce8b49","f1660f54cd58adce4f5be41e6c717424aff07bab468b1f57cc84ba45340ed8c5","ab55aa410cd37e4558b5f08ed994df507363e040bcebaa508f701a7423b0e001","7490c8fff08a61749b0fe71863b3a1fd5e2dc72e9340bf094a748c54ac876bc7","32e73c77d4d2493e85eba07b5d78f5d9dce40c3963f058a85d64889e298a2006","c0054eb39461c278e6d5cc139366fe4a3719c16399a2f8093ecb1a8e7ddb33e9","6735c124224b5da855c1d6a606041593128645ee6e5de5847b44ffc6a94b7c56","48d842cdbab9d537d4d90d6e1cd9271f8a2abb420d2456d03443b6a62ab0c39c","aff3449bdc238776f5d6d967f19ec491b36aed5fb7f23ccff6500736fd58494a"],"uploadUrl":"https://upload-firebasehosting.googleapis.com/upload/sites/chat-app-41bde/versions/bafec7938b23f5e0/files"}
[debug] [2021-09-24T19:29:14.315Z] >>> [apiv2][query] POST https://upload-firebasehosting.googleapis.com/upload/sites/chat-app-41bde/versions/bafec7938b23f5e0/files/1dffd69951ea6329a022e7e7993f592363aa1c070eb6f9ce10cbe69ea704ab8d [none]
[debug] [2021-09-24T19:29:14.315Z] >>> [apiv2][body] POST https://upload-firebasehosting.googleapis.com/upload/sites/chat-app-41bde/versions/bafec7938b23f5e0/files/1dffd69951ea6329a022e7e7993f592363aa1c070eb6f9ce10cbe69ea704ab8d [stream]
[debug] [2021-09-24T19:29:14.316Z] >>> [apiv2][query] POST https://upload-firebasehosting.googleapis.com/upload/sites/chat-app-41bde/versions/bafec7938b23f5e0/files/2d89a0faf29706d4b6638ed18f599eef886b74bc0220f1515da12bc156ed7282 [none]
[debug] [2021-09-24T19:29:14.316Z] >>> [apiv2][body] POST https://upload-firebasehosting.googleapis.com/upload/sites/chat-app-41bde/versions/bafec7938b23f5e0/files/2d89a0faf29706d4b6638ed18f599eef886b74bc0220f1515da12bc156ed7282 [stream]
[debug] [2021-09-24T19:29:14.317Z] >>> [apiv2][query] POST https://upload-firebasehosting.googleapis.com/upload/sites/chat-app-41bde/versions/bafec7938b23f5e0/files/2ebbe7de3783c3949604a06fb9beb1d27c9d7cf7e0aaadc0d9f72e57247b33b9 [none]
[debug] [2021-09-24T19:29:14.317Z] >>> [apiv2][body] POST https://upload-firebasehosting.googleapis.com/upload/sites/chat-app-41bde/versions/bafec7938b23f5e0/files/2ebbe7de3783c3949604a06fb9beb1d27c9d7cf7e0aaadc0d9f72e57247b33b9 [stream]
[debug] [2021-09-24T19:29:14.318Z] >>> [apiv2][query] POST https://upload-firebasehosting.googleapis.com/upload/sites/chat-app-41bde/versions/bafec7938b23f5e0/files/265cb4fd95fbf49c5b51f4cf16660e8d950dcd01aa741a902d03f591de7004dd [none]
[debug] [2021-09-24T19:29:14.318Z] >>> [apiv2][body] POST https://upload-firebasehosting.googleapis.com/upload/sites/chat-app-41bde/versions/bafec7938b23f5e0/files/265cb4fd95fbf49c5b51f4cf16660e8d950dcd01aa741a902d03f591de7004dd [stream]
[debug] [2021-09-24T19:29:14.319Z] >>> [apiv2][query] POST https://upload-firebasehosting.googleapis.com/upload/sites/chat-app-41bde/versions/bafec7938b23f5e0/files/cb9ac3cd861d77606ea1e569ec141086c60fe1b05720496f2c7f0eae28465876 [none]
[debug] [2021-09-24T19:29:14.320Z] >>> [apiv2][body] POST https://upload-firebasehosting.googleapis.com/upload/sites/chat-app-41bde/versions/bafec7938b23f5e0/files/cb9ac3cd861d77606ea1e569ec141086c60fe1b05720496f2c7f0eae28465876 [stream]
[debug] [2021-09-24T19:29:14.322Z] >>> [apiv2][query] POST https://upload-firebasehosting.googleapis.com/upload/sites/chat-app-41bde/versions/bafec7938b23f5e0/files/6160eb4d1b1a5d3b82b3d72eb36e6452386bf3b9b793c104c8e002d9aca791c9 [none]
[debug] [2021-09-24T19:29:14.322Z] >>> [apiv2][body] POST https://upload-firebasehosting.googleapis.com/upload/sites/chat-app-41bde/versions/bafec7938b23f5e0/files/6160eb4d1b1a5d3b82b3d72eb36e6452386bf3b9b793c104c8e002d9aca791c9 [stream]
[debug] [2021-09-24T19:29:14.323Z] >>> [apiv2][query] POST https://upload-firebasehosting.googleapis.com/upload/sites/chat-app-41bde/versions/bafec7938b23f5e0/files/99d8d54d583342baf97ac71dc9de8cd1f9c2b3ca3d7dd2c40d125ddc1364f257 [none]
[debug] [2021-09-24T19:29:14.323Z] >>> [apiv2][body] POST https://upload-firebasehosting.googleapis.com/upload/sites/chat-app-41bde/versions/bafec7938b23f5e0/files/99d8d54d583342baf97ac71dc9de8cd1f9c2b3ca3d7dd2c40d125ddc1364f257 [stream]
[debug] [2021-09-24T19:29:14.325Z] >>> [apiv2][query] POST https://upload-firebasehosting.googleapis.com/upload/sites/chat-app-41bde/versions/bafec7938b23f5e0/files/cf858e669dd53b1392bedff9f8bb6d56622872a2ca2a1dc87bc0a3bd03458e5e [none]
[debug] [2021-09-24T19:29:14.325Z] >>> [apiv2][body] POST https://upload-firebasehosting.googleapis.com/upload/sites/chat-app-41bde/versions/bafec7938b23f5e0/files/cf858e669dd53b1392bedff9f8bb6d56622872a2ca2a1dc87bc0a3bd03458e5e [stream]
[debug] [2021-09-24T19:29:14.326Z] >>> [apiv2][query] POST https://upload-firebasehosting.googleapis.com/upload/sites/chat-app-41bde/versions/bafec7938b23f5e0/files/50acbc3ba6690fce490174aae3a7bc92732db22be1cbbd06da5d3fcd95ea2e92 [none]
[debug] [2021-09-24T19:29:14.326Z] >>> [apiv2][body] POST https://upload-firebasehosting.googleapis.com/upload/sites/chat-app-41bde/versions/bafec7938b23f5e0/files/50acbc3ba6690fce490174aae3a7bc92732db22be1cbbd06da5d3fcd95ea2e92 [stream]
[debug] [2021-09-24T19:29:14.330Z] >>> [apiv2][query] POST https://upload-firebasehosting.googleapis.com/upload/sites/chat-app-41bde/versions/bafec7938b23f5e0/files/eae62e993eb980ec8a25058c39d5a51feab118bd2100c4deebb2a9c158ec11f9 [none]
[debug] [2021-09-24T19:29:14.330Z] >>> [apiv2][body] POST https://upload-firebasehosting.googleapis.com/upload/sites/chat-app-41bde/versions/bafec7938b23f5e0/files/eae62e993eb980ec8a25058c39d5a51feab118bd2100c4deebb2a9c158ec11f9 [stream]
[debug] [2021-09-24T19:29:14.340Z] >>> [apiv2][query] POST https://upload-firebasehosting.googleapis.com/upload/sites/chat-app-41bde/versions/bafec7938b23f5e0/files/a0d070cd406c91f7683eaf22448700e0b3cd64bb2d25c3150ae20d6262a92968 [none]
[debug] [2021-09-24T19:29:14.343Z] >>> [apiv2][body] POST https://upload-firebasehosting.googleapis.com/upload/sites/chat-app-41bde/versions/bafec7938b23f5e0/files/a0d070cd406c91f7683eaf22448700e0b3cd64bb2d25c3150ae20d6262a92968 [stream]
[debug] [2021-09-24T19:29:14.350Z] >>> [apiv2][query] POST https://upload-firebasehosting.googleapis.com/upload/sites/chat-app-41bde/versions/bafec7938b23f5e0/files/3029bbd2259ddd4aafff611ce1f2b7e655dfcc9ef000c1d34eef4e2d2045cdf8 [none]
[debug] [2021-09-24T19:29:14.350Z] >>> [apiv2][body] POST https://upload-firebasehosting.googleapis.com/upload/sites/chat-app-41bde/versions/bafec7938b23f5e0/files/3029bbd2259ddd4aafff611ce1f2b7e655dfcc9ef000c1d34eef4e2d2045cdf8 [stream]
[debug] [2021-09-24T19:29:14.351Z] >>> [apiv2][query] POST https://upload-firebasehosting.googleapis.com/upload/sites/chat-app-41bde/versions/bafec7938b23f5e0/files/cac524e90c64beae88adf680a1f95222e8c6b06f58287e154f07b15cef6e86e9 [none]
[debug] [2021-09-24T19:29:14.351Z] >>> [apiv2][body] POST https://upload-firebasehosting.googleapis.com/upload/sites/chat-app-41bde/versions/bafec7938b23f5e0/files/cac524e90c64beae88adf680a1f95222e8c6b06f58287e154f07b15cef6e86e9 [stream]
[debug] [2021-09-24T19:29:14.352Z] >>> [apiv2][query] POST https://upload-firebasehosting.googleapis.com/upload/sites/chat-app-41bde/versions/bafec7938b23f5e0/files/639b544f1f822b2b8dd3a2c6ec6c4bab8831e18321fc17195597e303b806d146 [none]
[debug] [2021-09-24T19:29:14.352Z] >>> [apiv2][body] POST https://upload-firebasehosting.googleapis.com/upload/sites/chat-app-41bde/versions/bafec7938b23f5e0/files/639b544f1f822b2b8dd3a2c6ec6c4bab8831e18321fc17195597e303b806d146 [stream]
[debug] [2021-09-24T19:29:14.354Z] >>> [apiv2][query] POST https://upload-firebasehosting.googleapis.com/upload/sites/chat-app-41bde/versions/bafec7938b23f5e0/files/bc54b585b11b205c8ed78d35af421d3125806b197e33a48a311851e6d3375c7e [none]
[debug] [2021-09-24T19:29:14.354Z] >>> [apiv2][body] POST https://upload-firebasehosting.googleapis.com/upload/sites/chat-app-41bde/versions/bafec7938b23f5e0/files/bc54b585b11b205c8ed78d35af421d3125806b197e33a48a311851e6d3375c7e [stream]
[debug] [2021-09-24T19:29:14.356Z] >>> [apiv2][query] POST https://upload-firebasehosting.googleapis.com/upload/sites/chat-app-41bde/versions/bafec7938b23f5e0/files/28e24b8ace4febd9f94823317035c32dc567c64ff8ac7e746af45e1c21dc3eff [none]
[debug] [2021-09-24T19:29:14.356Z] >>> [apiv2][body] POST https://upload-firebasehosting.googleapis.com/upload/sites/chat-app-41bde/versions/bafec7938b23f5e0/files/28e24b8ace4febd9f94823317035c32dc567c64ff8ac7e746af45e1c21dc3eff [stream]
[debug] [2021-09-24T19:29:14.357Z] >>> [apiv2][query] POST https://upload-firebasehosting.googleapis.com/upload/sites/chat-app-41bde/versions/bafec7938b23f5e0/files/8b9cdd654390cb59eba5ab455a23def11d8dfdfde5a94d8381b7e7977d7c1491 [none]
[debug] [2021-09-24T19:29:14.358Z] >>> [apiv2][body] POST https://upload-firebasehosting.googleapis.com/upload/sites/chat-app-41bde/versions/bafec7938b23f5e0/files/8b9cdd654390cb59eba5ab455a23def11d8dfdfde5a94d8381b7e7977d7c1491 [stream]
[debug] [2021-09-24T19:29:14.358Z] >>> [apiv2][query] POST https://upload-firebasehosting.googleapis.com/upload/sites/chat-app-41bde/versions/bafec7938b23f5e0/files/815e3e7056245e684bbcd79a0240a2bb8edfedc6431cfc68b1cd15bb980d0dac [none]
[debug] [2021-09-24T19:29:14.358Z] >>> [apiv2][body] POST https://upload-firebasehosting.googleapis.com/upload/sites/chat-app-41bde/versions/bafec7938b23f5e0/files/815e3e7056245e684bbcd79a0240a2bb8edfedc6431cfc68b1cd15bb980d0dac [stream]
[debug] [2021-09-24T19:29:14.359Z] >>> [apiv2][query] POST https://upload-firebasehosting.googleapis.com/upload/sites/chat-app-41bde/versions/bafec7938b23f5e0/files/ee7e2f3fdb8209c4b6fd7bef6ba50d1b9dba30a25bb5c3126df057e1cb6f5331 [none]
[debug] [2021-09-24T19:29:14.359Z] >>> [apiv2][body] POST https://upload-firebasehosting.googleapis.com/upload/sites/chat-app-41bde/versions/bafec7938b23f5e0/files/ee7e2f3fdb8209c4b6fd7bef6ba50d1b9dba30a25bb5c3126df057e1cb6f5331 [stream]
[debug] [2021-09-24T19:29:14.360Z] >>> [apiv2][query] POST https://upload-firebasehosting.googleapis.com/upload/sites/chat-app-41bde/versions/bafec7938b23f5e0/files/bc4b3fad701e9901f04a655687ac130024a87230db6c5dac6809fd8416bb2cba [none]
[debug] [2021-09-24T19:29:14.360Z] >>> [apiv2][body] POST https://upload-firebasehosting.googleapis.com/upload/sites/chat-app-41bde/versions/bafec7938b23f5e0/files/bc4b3fad701e9901f04a655687ac130024a87230db6c5dac6809fd8416bb2cba [stream]
[debug] [2021-09-24T19:29:14.360Z] >>> [apiv2][query] POST https://upload-firebasehosting.googleapis.com/upload/sites/chat-app-41bde/versions/bafec7938b23f5e0/files/ec43f9d493c09331ba6253df6fa07c7969c5808dc8bf4a14d88e4505e8a720dc [none]
[debug] [2021-09-24T19:29:14.360Z] >>> [apiv2][body] POST https://upload-firebasehosting.googleapis.com/upload/sites/chat-app-41bde/versions/bafec7938b23f5e0/files/ec43f9d493c09331ba6253df6fa07c7969c5808dc8bf4a14d88e4505e8a720dc [stream]
[debug] [2021-09-24T19:29:14.361Z] >>> [apiv2][query] POST https://upload-firebasehosting.googleapis.com/upload/sites/chat-app-41bde/versions/bafec7938b23f5e0/files/88439ad5f7518ec45d24d61ca72f7a34043280ebccf92d0d40e5357de1723337 [none]
[debug] [2021-09-24T19:29:14.363Z] >>> [apiv2][body] POST https://upload-firebasehosting.googleapis.com/upload/sites/chat-app-41bde/versions/bafec7938b23f5e0/files/88439ad5f7518ec45d24d61ca72f7a34043280ebccf92d0d40e5357de1723337 [stream]
[debug] [2021-09-24T19:29:14.363Z] >>> [apiv2][query] POST https://upload-firebasehosting.googleapis.com/upload/sites/chat-app-41bde/versions/bafec7938b23f5e0/files/f2ea123165bf10380ed71a85fb5c26fbe63af65baff409b24eabdf77c0785f17 [none]
[debug] [2021-09-24T19:29:14.363Z] >>> [apiv2][body] POST https://upload-firebasehosting.googleapis.com/upload/sites/chat-app-41bde/versions/bafec7938b23f5e0/files/f2ea123165bf10380ed71a85fb5c26fbe63af65baff409b24eabdf77c0785f17 [stream]
[debug] [2021-09-24T19:29:14.364Z] >>> [apiv2][query] POST https://upload-firebasehosting.googleapis.com/upload/sites/chat-app-41bde/versions/bafec7938b23f5e0/files/145a45b76068d4888605c06dfa228697fd81dc70421dd8ab69788e76b33b139a [none]
[debug] [2021-09-24T19:29:14.364Z] >>> [apiv2][body] POST https://upload-firebasehosting.googleapis.com/upload/sites/chat-app-41bde/versions/bafec7938b23f5e0/files/145a45b76068d4888605c06dfa228697fd81dc70421dd8ab69788e76b33b139a [stream]
[debug] [2021-09-24T19:29:14.365Z] >>> [apiv2][query] POST https://upload-firebasehosting.googleapis.com/upload/sites/chat-app-41bde/versions/bafec7938b23f5e0/files/3ee59515172ee198f3be375979df15ac5345183e656720a381b8872b2a39dc8b [none]
[debug] [2021-09-24T19:29:14.365Z] >>> [apiv2][body] POST https://upload-firebasehosting.googleapis.com/upload/sites/chat-app-41bde/versions/bafec7938b23f5e0/files/3ee59515172ee198f3be375979df15ac5345183e656720a381b8872b2a39dc8b [stream]
[debug] [2021-09-24T19:29:14.365Z] >>> [apiv2][query] POST https://upload-firebasehosting.googleapis.com/upload/sites/chat-app-41bde/versions/bafec7938b23f5e0/files/bfe106a3fb878dc83461c86818bf74fc1bdc7f28538ba613cd3e775516ce8b49 [none]
[debug] [2021-09-24T19:29:14.366Z] >>> [apiv2][body] POST https://upload-firebasehosting.googleapis.com/upload/sites/chat-app-41bde/versions/bafec7938b23f5e0/files/bfe106a3fb878dc83461c86818bf74fc1bdc7f28538ba613cd3e775516ce8b49 [stream]
[debug] [2021-09-24T19:29:14.366Z] >>> [apiv2][query] POST https://upload-firebasehosting.googleapis.com/upload/sites/chat-app-41bde/versions/bafec7938b23f5e0/files/f1660f54cd58adce4f5be41e6c717424aff07bab468b1f57cc84ba45340ed8c5 [none]
[debug] [2021-09-24T19:29:14.366Z] >>> [apiv2][body] POST https://upload-firebasehosting.googleapis.com/upload/sites/chat-app-41bde/versions/bafec7938b23f5e0/files/f1660f54cd58adce4f5be41e6c717424aff07bab468b1f57cc84ba45340ed8c5 [stream]
[debug] [2021-09-24T19:29:14.367Z] >>> [apiv2][query] POST https://upload-firebasehosting.googleapis.com/upload/sites/chat-app-41bde/versions/bafec7938b23f5e0/files/ab55aa410cd37e4558b5f08ed994df507363e040bcebaa508f701a7423b0e001 [none]
[debug] [2021-09-24T19:29:14.367Z] >>> [apiv2][body] POST https://upload-firebasehosting.googleapis.com/upload/sites/chat-app-41bde/versions/bafec7938b23f5e0/files/ab55aa410cd37e4558b5f08ed994df507363e040bcebaa508f701a7423b0e001 [stream]
[debug] [2021-09-24T19:29:14.367Z] >>> [apiv2][query] POST https://upload-firebasehosting.googleapis.com/upload/sites/chat-app-41bde/versions/bafec7938b23f5e0/files/7490c8fff08a61749b0fe71863b3a1fd5e2dc72e9340bf094a748c54ac876bc7 [none]
[debug] [2021-09-24T19:29:14.367Z] >>> [apiv2][body] POST https://upload-firebasehosting.googleapis.com/upload/sites/chat-app-41bde/versions/bafec7938b23f5e0/files/7490c8fff08a61749b0fe71863b3a1fd5e2dc72e9340bf094a748c54ac876bc7 [stream]
[debug] [2021-09-24T19:29:14.368Z] >>> [apiv2][query] POST https://upload-firebasehosting.googleapis.com/upload/sites/chat-app-41bde/versions/bafec7938b23f5e0/files/32e73c77d4d2493e85eba07b5d78f5d9dce40c3963f058a85d64889e298a2006 [none]
[debug] [2021-09-24T19:29:14.368Z] >>> [apiv2][body] POST https://upload-firebasehosting.googleapis.com/upload/sites/chat-app-41bde/versions/bafec7938b23f5e0/files/32e73c77d4d2493e85eba07b5d78f5d9dce40c3963f058a85d64889e298a2006 [stream]
[debug] [2021-09-24T19:29:14.368Z] >>> [apiv2][query] POST https://upload-firebasehosting.googleapis.com/upload/sites/chat-app-41bde/versions/bafec7938b23f5e0/files/c0054eb39461c278e6d5cc139366fe4a3719c16399a2f8093ecb1a8e7ddb33e9 [none]
[debug] [2021-09-24T19:29:14.369Z] >>> [apiv2][body] POST https://upload-firebasehosting.googleapis.com/upload/sites/chat-app-41bde/versions/bafec7938b23f5e0/files/c0054eb39461c278e6d5cc139366fe4a3719c16399a2f8093ecb1a8e7ddb33e9 [stream]
[debug] [2021-09-24T19:29:14.369Z] >>> [apiv2][query] POST https://upload-firebasehosting.googleapis.com/upload/sites/chat-app-41bde/versions/bafec7938b23f5e0/files/6735c124224b5da855c1d6a606041593128645ee6e5de5847b44ffc6a94b7c56 [none]
[debug] [2021-09-24T19:29:14.370Z] >>> [apiv2][body] POST https://upload-firebasehosting.googleapis.com/upload/sites/chat-app-41bde/versions/bafec7938b23f5e0/files/6735c124224b5da855c1d6a606041593128645ee6e5de5847b44ffc6a94b7c56 [stream]
[debug] [2021-09-24T19:29:14.371Z] >>> [apiv2][query] POST https://upload-firebasehosting.googleapis.com/upload/sites/chat-app-41bde/versions/bafec7938b23f5e0/files/48d842cdbab9d537d4d90d6e1cd9271f8a2abb420d2456d03443b6a62ab0c39c [none]
[debug] [2021-09-24T19:29:14.371Z] >>> [apiv2][body] POST https://upload-firebasehosting.googleapis.com/upload/sites/chat-app-41bde/versions/bafec7938b23f5e0/files/48d842cdbab9d537d4d90d6e1cd9271f8a2abb420d2456d03443b6a62ab0c39c [stream]
[debug] [2021-09-24T19:29:14.372Z] >>> [apiv2][query] POST https://upload-firebasehosting.googleapis.com/upload/sites/chat-app-41bde/versions/bafec7938b23f5e0/files/aff3449bdc238776f5d6d967f19ec491b36aed5fb7f23ccff6500736fd58494a [none]
[debug] [2021-09-24T19:29:14.372Z] >>> [apiv2][body] POST https://upload-firebasehosting.googleapis.com/upload/sites/chat-app-41bde/versions/bafec7938b23f5e0/files/aff3449bdc238776f5d6d967f19ec491b36aed5fb7f23ccff6500736fd58494a [stream]
[debug] [2021-09-24T19:29:14.373Z] [hosting][populate queue][FINAL] {"max":1783,"min":1783,"avg":1783,"active":0,"complete":1,"success":1,"errored":0,"retried":0,"total":1,"elapsed":1841}
[debug] [2021-09-24T19:29:14.373Z] [hosting] uploads queued: 34
[debug] [2021-09-24T19:29:16.711Z] <<< [apiv2][status] POST https://upload-firebasehosting.googleapis.com/upload/sites/chat-app-41bde/versions/bafec7938b23f5e0/files/eae62e993eb980ec8a25058c39d5a51feab118bd2100c4deebb2a9c158ec11f9 200
[debug] [2021-09-24T19:29:16.711Z] <<< [apiv2][body] POST https://upload-firebasehosting.googleapis.com/upload/sites/chat-app-41bde/versions/bafec7938b23f5e0/files/eae62e993eb980ec8a25058c39d5a51feab118bd2100c4deebb2a9c158ec11f9 [stream]
[debug] [2021-09-24T19:29:16.771Z] <<< [apiv2][status] POST https://upload-firebasehosting.googleapis.com/upload/sites/chat-app-41bde/versions/bafec7938b23f5e0/files/265cb4fd95fbf49c5b51f4cf16660e8d950dcd01aa741a902d03f591de7004dd 200
[debug] [2021-09-24T19:29:16.771Z] <<< [apiv2][body] POST https://upload-firebasehosting.googleapis.com/upload/sites/chat-app-41bde/versions/bafec7938b23f5e0/files/265cb4fd95fbf49c5b51f4cf16660e8d950dcd01aa741a902d03f591de7004dd [stream]
[debug] [2021-09-24T19:29:17.027Z] <<< [apiv2][status] POST https://upload-firebasehosting.googleapis.com/upload/sites/chat-app-41bde/versions/bafec7938b23f5e0/files/ec43f9d493c09331ba6253df6fa07c7969c5808dc8bf4a14d88e4505e8a720dc 200
[debug] [2021-09-24T19:29:17.028Z] <<< [apiv2][body] POST https://upload-firebasehosting.googleapis.com/upload/sites/chat-app-41bde/versions/bafec7938b23f5e0/files/ec43f9d493c09331ba6253df6fa07c7969c5808dc8bf4a14d88e4505e8a720dc [stream]
[debug] [2021-09-24T19:29:17.511Z] <<< [apiv2][status] POST https://upload-firebasehosting.googleapis.com/upload/sites/chat-app-41bde/versions/bafec7938b23f5e0/files/3029bbd2259ddd4aafff611ce1f2b7e655dfcc9ef000c1d34eef4e2d2045cdf8 200
[debug] [2021-09-24T19:29:17.511Z] <<< [apiv2][body] POST https://upload-firebasehosting.googleapis.com/upload/sites/chat-app-41bde/versions/bafec7938b23f5e0/files/3029bbd2259ddd4aafff611ce1f2b7e655dfcc9ef000c1d34eef4e2d2045cdf8 [stream]
[debug] [2021-09-24T19:29:17.512Z] <<< [apiv2][status] POST https://upload-firebasehosting.googleapis.com/upload/sites/chat-app-41bde/versions/bafec7938b23f5e0/files/88439ad5f7518ec45d24d61ca72f7a34043280ebccf92d0d40e5357de1723337 200
[debug] [2021-09-24T19:29:17.512Z] <<< [apiv2][body] POST https://upload-firebasehosting.googleapis.com/upload/sites/chat-app-41bde/versions/bafec7938b23f5e0/files/88439ad5f7518ec45d24d61ca72f7a34043280ebccf92d0d40e5357de1723337 [stream]
[debug] [2021-09-24T19:29:17.818Z] <<< [apiv2][status] POST https://upload-firebasehosting.googleapis.com/upload/sites/chat-app-41bde/versions/bafec7938b23f5e0/files/ee7e2f3fdb8209c4b6fd7bef6ba50d1b9dba30a25bb5c3126df057e1cb6f5331 200
[debug] [2021-09-24T19:29:17.819Z] <<< [apiv2][body] POST https://upload-firebasehosting.googleapis.com/upload/sites/chat-app-41bde/versions/bafec7938b23f5e0/files/ee7e2f3fdb8209c4b6fd7bef6ba50d1b9dba30a25bb5c3126df057e1cb6f5331 [stream]
[debug] [2021-09-24T19:29:18.343Z] <<< [apiv2][status] POST https://upload-firebasehosting.googleapis.com/upload/sites/chat-app-41bde/versions/bafec7938b23f5e0/files/f2ea123165bf10380ed71a85fb5c26fbe63af65baff409b24eabdf77c0785f17 200
[debug] [2021-09-24T19:29:18.343Z] <<< [apiv2][body] POST https://upload-firebasehosting.googleapis.com/upload/sites/chat-app-41bde/versions/bafec7938b23f5e0/files/f2ea123165bf10380ed71a85fb5c26fbe63af65baff409b24eabdf77c0785f17 [stream]
[debug] [2021-09-24T19:29:19.010Z] <<< [apiv2][status] POST https://upload-firebasehosting.googleapis.com/upload/sites/chat-app-41bde/versions/bafec7938b23f5e0/files/50acbc3ba6690fce490174aae3a7bc92732db22be1cbbd06da5d3fcd95ea2e92 200
[debug] [2021-09-24T19:29:19.010Z] <<< [apiv2][body] POST https://upload-firebasehosting.googleapis.com/upload/sites/chat-app-41bde/versions/bafec7938b23f5e0/files/50acbc3ba6690fce490174aae3a7bc92732db22be1cbbd06da5d3fcd95ea2e92 [stream]
[debug] [2021-09-24T19:29:19.690Z] <<< [apiv2][status] POST https://upload-firebasehosting.googleapis.com/upload/sites/chat-app-41bde/versions/bafec7938b23f5e0/files/bfe106a3fb878dc83461c86818bf74fc1bdc7f28538ba613cd3e775516ce8b49 200
[debug] [2021-09-24T19:29:19.690Z] <<< [apiv2][body] POST https://upload-firebasehosting.googleapis.com/upload/sites/chat-app-41bde/versions/bafec7938b23f5e0/files/bfe106a3fb878dc83461c86818bf74fc1bdc7f28538ba613cd3e775516ce8b49 [stream]
[debug] [2021-09-24T19:29:19.744Z] <<< [apiv2][status] POST https://upload-firebasehosting.googleapis.com/upload/sites/chat-app-41bde/versions/bafec7938b23f5e0/files/2d89a0faf29706d4b6638ed18f599eef886b74bc0220f1515da12bc156ed7282 200
[debug] [2021-09-24T19:29:19.744Z] <<< [apiv2][body] POST https://upload-firebasehosting.googleapis.com/upload/sites/chat-app-41bde/versions/bafec7938b23f5e0/files/2d89a0faf29706d4b6638ed18f599eef886b74bc0220f1515da12bc156ed7282 [stream]
[debug] [2021-09-24T19:29:19.756Z] <<< [apiv2][status] POST https://upload-firebasehosting.googleapis.com/upload/sites/chat-app-41bde/versions/bafec7938b23f5e0/files/815e3e7056245e684bbcd79a0240a2bb8edfedc6431cfc68b1cd15bb980d0dac 200
[debug] [2021-09-24T19:29:19.756Z] <<< [apiv2][body] POST https://upload-firebasehosting.googleapis.com/upload/sites/chat-app-41bde/versions/bafec7938b23f5e0/files/815e3e7056245e684bbcd79a0240a2bb8edfedc6431cfc68b1cd15bb980d0dac [stream]
[debug] [2021-09-24T19:29:20.043Z] <<< [apiv2][status] POST https://upload-firebasehosting.googleapis.com/upload/sites/chat-app-41bde/versions/bafec7938b23f5e0/files/7490c8fff08a61749b0fe71863b3a1fd5e2dc72e9340bf094a748c54ac876bc7 200
[debug] [2021-09-24T19:29:20.043Z] <<< [apiv2][body] POST https://upload-firebasehosting.googleapis.com/upload/sites/chat-app-41bde/versions/bafec7938b23f5e0/files/7490c8fff08a61749b0fe71863b3a1fd5e2dc72e9340bf094a748c54ac876bc7 [stream]
[debug] [2021-09-24T19:29:23.364Z] <<< [apiv2][status] POST https://upload-firebasehosting.googleapis.com/upload/sites/chat-app-41bde/versions/bafec7938b23f5e0/files/aff3449bdc238776f5d6d967f19ec491b36aed5fb7f23ccff6500736fd58494a 200
[debug] [2021-09-24T19:29:23.365Z] <<< [apiv2][body] POST https://upload-firebasehosting.googleapis.com/upload/sites/chat-app-41bde/versions/bafec7938b23f5e0/files/aff3449bdc238776f5d6d967f19ec491b36aed5fb7f23ccff6500736fd58494a [stream]
[debug] [2021-09-24T19:29:23.434Z] <<< [apiv2][status] POST https://upload-firebasehosting.googleapis.com/upload/sites/chat-app-41bde/versions/bafec7938b23f5e0/files/8b9cdd654390cb59eba5ab455a23def11d8dfdfde5a94d8381b7e7977d7c1491 200
[debug] [2021-09-24T19:29:23.434Z] <<< [apiv2][body] POST https://upload-firebasehosting.googleapis.com/upload/sites/chat-app-41bde/versions/bafec7938b23f5e0/files/8b9cdd654390cb59eba5ab455a23def11d8dfdfde5a94d8381b7e7977d7c1491 [stream]
[debug] [2021-09-24T19:29:24.471Z] <<< [apiv2][status] POST https://upload-firebasehosting.googleapis.com/upload/sites/chat-app-41bde/versions/bafec7938b23f5e0/files/bc4b3fad701e9901f04a655687ac130024a87230db6c5dac6809fd8416bb2cba 200
[debug] [2021-09-24T19:29:24.471Z] <<< [apiv2][body] POST https://upload-firebasehosting.googleapis.com/upload/sites/chat-app-41bde/versions/bafec7938b23f5e0/files/bc4b3fad701e9901f04a655687ac130024a87230db6c5dac6809fd8416bb2cba [stream]
[debug] [2021-09-24T19:29:24.662Z] <<< [apiv2][status] POST https://upload-firebasehosting.googleapis.com/upload/sites/chat-app-41bde/versions/bafec7938b23f5e0/files/cac524e90c64beae88adf680a1f95222e8c6b06f58287e154f07b15cef6e86e9 200
[debug] [2021-09-24T19:29:24.662Z] <<< [apiv2][body] POST https://upload-firebasehosting.googleapis.com/upload/sites/chat-app-41bde/versions/bafec7938b23f5e0/files/cac524e90c64beae88adf680a1f95222e8c6b06f58287e154f07b15cef6e86e9 [stream]
[debug] [2021-09-24T19:29:24.777Z] <<< [apiv2][status] POST https://upload-firebasehosting.googleapis.com/upload/sites/chat-app-41bde/versions/bafec7938b23f5e0/files/3ee59515172ee198f3be375979df15ac5345183e656720a381b8872b2a39dc8b 200
[debug] [2021-09-24T19:29:24.777Z] <<< [apiv2][body] POST https://upload-firebasehosting.googleapis.com/upload/sites/chat-app-41bde/versions/bafec7938b23f5e0/files/3ee59515172ee198f3be375979df15ac5345183e656720a381b8872b2a39dc8b [stream]
[debug] [2021-09-24T19:29:26.103Z] <<< [apiv2][status] POST https://upload-firebasehosting.googleapis.com/upload/sites/chat-app-41bde/versions/bafec7938b23f5e0/files/a0d070cd406c91f7683eaf22448700e0b3cd64bb2d25c3150ae20d6262a92968 200
[debug] [2021-09-24T19:29:26.104Z] <<< [apiv2][body] POST https://upload-firebasehosting.googleapis.com/upload/sites/chat-app-41bde/versions/bafec7938b23f5e0/files/a0d070cd406c91f7683eaf22448700e0b3cd64bb2d25c3150ae20d6262a92968 [stream]
[debug] [2021-09-24T19:29:26.305Z] [uploadQueue] Retrying task 48d842cdbab9d537d4d90d6e1cd9271f8a2abb420d2456d03443b6a62ab0c39c
[debug] [2021-09-24T19:29:26.305Z] >>> [apiv2][query] POST https://upload-firebasehosting.googleapis.com/upload/sites/chat-app-41bde/versions/bafec7938b23f5e0/files/48d842cdbab9d537d4d90d6e1cd9271f8a2abb420d2456d03443b6a62ab0c39c [none]
[debug] [2021-09-24T19:29:26.306Z] >>> [apiv2][body] POST https://upload-firebasehosting.googleapis.com/upload/sites/chat-app-41bde/versions/bafec7938b23f5e0/files/48d842cdbab9d537d4d90d6e1cd9271f8a2abb420d2456d03443b6a62ab0c39c [stream]
[debug] [2021-09-24T19:29:27.218Z] <<< [apiv2][status] POST https://upload-firebasehosting.googleapis.com/upload/sites/chat-app-41bde/versions/bafec7938b23f5e0/files/145a45b76068d4888605c06dfa228697fd81dc70421dd8ab69788e76b33b139a 200
[debug] [2021-09-24T19:29:27.219Z] <<< [apiv2][body] POST https://upload-firebasehosting.googleapis.com/upload/sites/chat-app-41bde/versions/bafec7938b23f5e0/files/145a45b76068d4888605c06dfa228697fd81dc70421dd8ab69788e76b33b139a [stream]
[debug] [2021-09-24T19:29:27.292Z] <<< [apiv2][status] POST https://upload-firebasehosting.googleapis.com/upload/sites/chat-app-41bde/versions/bafec7938b23f5e0/files/32e73c77d4d2493e85eba07b5d78f5d9dce40c3963f058a85d64889e298a2006 200
[debug] [2021-09-24T19:29:27.293Z] <<< [apiv2][body] POST https://upload-firebasehosting.googleapis.com/upload/sites/chat-app-41bde/versions/bafec7938b23f5e0/files/32e73c77d4d2493e85eba07b5d78f5d9dce40c3963f058a85d64889e298a2006 [stream]
[debug] [2021-09-24T19:29:27.362Z] <<< [apiv2][status] POST https://upload-firebasehosting.googleapis.com/upload/sites/chat-app-41bde/versions/bafec7938b23f5e0/files/6160eb4d1b1a5d3b82b3d72eb36e6452386bf3b9b793c104c8e002d9aca791c9 200
[debug] [2021-09-24T19:29:27.362Z] <<< [apiv2][body] POST https://upload-firebasehosting.googleapis.com/upload/sites/chat-app-41bde/versions/bafec7938b23f5e0/files/6160eb4d1b1a5d3b82b3d72eb36e6452386bf3b9b793c104c8e002d9aca791c9 [stream]
[debug] [2021-09-24T19:29:27.510Z] <<< [apiv2][status] POST https://upload-firebasehosting.googleapis.com/upload/sites/chat-app-41bde/versions/bafec7938b23f5e0/files/bc54b585b11b205c8ed78d35af421d3125806b197e33a48a311851e6d3375c7e 200
[debug] [2021-09-24T19:29:27.510Z] <<< [apiv2][body] POST https://upload-firebasehosting.googleapis.com/upload/sites/chat-app-41bde/versions/bafec7938b23f5e0/files/bc54b585b11b205c8ed78d35af421d3125806b197e33a48a311851e6d3375c7e [stream]
[debug] [2021-09-24T19:29:28.250Z] <<< [apiv2][status] POST https://upload-firebasehosting.googleapis.com/upload/sites/chat-app-41bde/versions/bafec7938b23f5e0/files/cf858e669dd53b1392bedff9f8bb6d56622872a2ca2a1dc87bc0a3bd03458e5e 200
[debug] [2021-09-24T19:29:28.250Z] <<< [apiv2][body] POST https://upload-firebasehosting.googleapis.com/upload/sites/chat-app-41bde/versions/bafec7938b23f5e0/files/cf858e669dd53b1392bedff9f8bb6d56622872a2ca2a1dc87bc0a3bd03458e5e [stream]
[debug] [2021-09-24T19:29:29.437Z] <<< [apiv2][status] POST https://upload-firebasehosting.googleapis.com/upload/sites/chat-app-41bde/versions/bafec7938b23f5e0/files/2ebbe7de3783c3949604a06fb9beb1d27c9d7cf7e0aaadc0d9f72e57247b33b9 200
[debug] [2021-09-24T19:29:29.438Z] <<< [apiv2][body] POST https://upload-firebasehosting.googleapis.com/upload/sites/chat-app-41bde/versions/bafec7938b23f5e0/files/2ebbe7de3783c3949604a06fb9beb1d27c9d7cf7e0aaadc0d9f72e57247b33b9 [stream]
[debug] [2021-09-24T19:29:30.498Z] <<< [apiv2][status] POST https://upload-firebasehosting.googleapis.com/upload/sites/chat-app-41bde/versions/bafec7938b23f5e0/files/28e24b8ace4febd9f94823317035c32dc567c64ff8ac7e746af45e1c21dc3eff 200
[debug] [2021-09-24T19:29:30.498Z] <<< [apiv2][body] POST https://upload-firebasehosting.googleapis.com/upload/sites/chat-app-41bde/versions/bafec7938b23f5e0/files/28e24b8ace4febd9f94823317035c32dc567c64ff8ac7e746af45e1c21dc3eff [stream]
[debug] [2021-09-24T19:29:31.210Z] <<< [apiv2][status] POST https://upload-firebasehosting.googleapis.com/upload/sites/chat-app-41bde/versions/bafec7938b23f5e0/files/c0054eb39461c278e6d5cc139366fe4a3719c16399a2f8093ecb1a8e7ddb33e9 200
[debug] [2021-09-24T19:29:31.210Z] <<< [apiv2][body] POST https://upload-firebasehosting.googleapis.com/upload/sites/chat-app-41bde/versions/bafec7938b23f5e0/files/c0054eb39461c278e6d5cc139366fe4a3719c16399a2f8093ecb1a8e7ddb33e9 [stream]
[debug] [2021-09-24T19:29:31.387Z] <<< [apiv2][status] POST https://upload-firebasehosting.googleapis.com/upload/sites/chat-app-41bde/versions/bafec7938b23f5e0/files/ab55aa410cd37e4558b5f08ed994df507363e040bcebaa508f701a7423b0e001 200
[debug] [2021-09-24T19:29:31.387Z] <<< [apiv2][body] POST https://upload-firebasehosting.googleapis.com/upload/sites/chat-app-41bde/versions/bafec7938b23f5e0/files/ab55aa410cd37e4558b5f08ed994df507363e040bcebaa508f701a7423b0e001 [stream]
[debug] [2021-09-24T19:29:33.232Z] <<< [apiv2][status] POST https://upload-firebasehosting.googleapis.com/upload/sites/chat-app-41bde/versions/bafec7938b23f5e0/files/f1660f54cd58adce4f5be41e6c717424aff07bab468b1f57cc84ba45340ed8c5 200
[debug] [2021-09-24T19:29:33.232Z] <<< [apiv2][body] POST https://upload-firebasehosting.googleapis.com/upload/sites/chat-app-41bde/versions/bafec7938b23f5e0/files/f1660f54cd58adce4f5be41e6c717424aff07bab468b1f57cc84ba45340ed8c5 [stream]
[debug] [2021-09-24T19:29:34.223Z] <<< [apiv2][status] POST https://upload-firebasehosting.googleapis.com/upload/sites/chat-app-41bde/versions/bafec7938b23f5e0/files/639b544f1f822b2b8dd3a2c6ec6c4bab8831e18321fc17195597e303b806d146 200
[debug] [2021-09-24T19:29:34.223Z] <<< [apiv2][body] POST https://upload-firebasehosting.googleapis.com/upload/sites/chat-app-41bde/versions/bafec7938b23f5e0/files/639b544f1f822b2b8dd3a2c6ec6c4bab8831e18321fc17195597e303b806d146 [stream]
[debug] [2021-09-24T19:29:34.443Z] <<< [apiv2][status] POST https://upload-firebasehosting.googleapis.com/upload/sites/chat-app-41bde/versions/bafec7938b23f5e0/files/cb9ac3cd861d77606ea1e569ec141086c60fe1b05720496f2c7f0eae28465876 200
[debug] [2021-09-24T19:29:34.443Z] <<< [apiv2][body] POST https://upload-firebasehosting.googleapis.com/upload/sites/chat-app-41bde/versions/bafec7938b23f5e0/files/cb9ac3cd861d77606ea1e569ec141086c60fe1b05720496f2c7f0eae28465876 [stream]
[debug] [2021-09-24T19:29:34.664Z] <<< [apiv2][status] POST https://upload-firebasehosting.googleapis.com/upload/sites/chat-app-41bde/versions/bafec7938b23f5e0/files/48d842cdbab9d537d4d90d6e1cd9271f8a2abb420d2456d03443b6a62ab0c39c 200
[debug] [2021-09-24T19:29:34.664Z] <<< [apiv2][body] POST https://upload-firebasehosting.googleapis.com/upload/sites/chat-app-41bde/versions/bafec7938b23f5e0/files/48d842cdbab9d537d4d90d6e1cd9271f8a2abb420d2456d03443b6a62ab0c39c [stream]
[debug] [2021-09-24T19:29:37.062Z] <<< [apiv2][status] POST https://upload-firebasehosting.googleapis.com/upload/sites/chat-app-41bde/versions/bafec7938b23f5e0/files/6735c124224b5da855c1d6a606041593128645ee6e5de5847b44ffc6a94b7c56 200
[debug] [2021-09-24T19:29:37.062Z] <<< [apiv2][body] POST https://upload-firebasehosting.googleapis.com/upload/sites/chat-app-41bde/versions/bafec7938b23f5e0/files/6735c124224b5da855c1d6a606041593128645ee6e5de5847b44ffc6a94b7c56 [stream]
[debug] [2021-09-24T19:29:38.124Z] <<< [apiv2][status] POST https://upload-firebasehosting.googleapis.com/upload/sites/chat-app-41bde/versions/bafec7938b23f5e0/files/1dffd69951ea6329a022e7e7993f592363aa1c070eb6f9ce10cbe69ea704ab8d 200
[debug] [2021-09-24T19:29:38.124Z] <<< [apiv2][body] POST https://upload-firebasehosting.googleapis.com/upload/sites/chat-app-41bde/versions/bafec7938b23f5e0/files/1dffd69951ea6329a022e7e7993f592363aa1c070eb6f9ce10cbe69ea704ab8d [stream]
[debug] [2021-09-24T19:29:47.979Z] <<< [apiv2][status] POST https://upload-firebasehosting.googleapis.com/upload/sites/chat-app-41bde/versions/bafec7938b23f5e0/files/99d8d54d583342baf97ac71dc9de8cd1f9c2b3ca3d7dd2c40d125ddc1364f257 200
[debug] [2021-09-24T19:29:47.979Z] <<< [apiv2][body] POST https://upload-firebasehosting.googleapis.com/upload/sites/chat-app-41bde/versions/bafec7938b23f5e0/files/99d8d54d583342baf97ac71dc9de8cd1f9c2b3ca3d7dd2c40d125ddc1364f257 [stream]
[debug] [2021-09-24T19:29:47.979Z] [hosting][upload queue][FINAL] {"max":33678,"min":2410,"avg":11419.088235294117,"active":0,"complete":34,"success":34,"errored":0,"retried":1,"total":34,"elapsed":33679}
[info] +  hosting[chat-app-41bde]: file upload complete 
[debug] [2021-09-24T19:29:47.981Z] [hosting] deploy completed after 36099ms
[debug] [2021-09-24T19:29:47.983Z] [
  {
    "config": {
      "public": "build",
      "ignore": [
        "firebase.json",
        "**/.*",
        "**/node_modules/**"
      ],
      "rewrites": [
        {
          "source": "**",
          "destination": "/index.html"
        }
      ],
      "site": "chat-app-41bde"
    },
    "site": "chat-app-41bde",
    "version": "sites/chat-app-41bde/versions/bafec7938b23f5e0"
  }
]
[info] i  hosting[chat-app-41bde]: finalizing version... 
[debug] [2021-09-24T19:29:47.985Z] > refreshing access token with scopes: ["email","https://www.googleapis.com/auth/cloud-platform","https://www.googleapis.com/auth/cloudplatformprojects.readonly","https://www.googleapis.com/auth/firebase","openid"]
[debug] [2021-09-24T19:29:47.986Z] >>> HTTP REQUEST POST https://www.googleapis.com/oauth2/v3/token  
 <request body omitted>
[debug] [2021-09-24T19:29:48.257Z] <<< HTTP RESPONSE 200 {"expires":"Mon, 01 Jan 1990 00:00:00 GMT","cache-control":"no-cache, no-store, max-age=0, must-revalidate","date":"Fri, 24 Sep 2021 19:29:48 GMT","pragma":"no-cache","content-type":"application/json; charset=utf-8","vary":"X-Origin, Referer, Origin,Accept-Encoding","server":"scaffolding on HTTPServer2","x-xss-protection":"0","x-frame-options":"SAMEORIGIN","x-content-type-options":"nosniff","alt-svc":"h3=\":443\"; ma=2592000,h3-29=\":443\"; ma=2592000,h3-T051=\":443\"; ma=2592000,h3-Q050=\":443\"; ma=2592000,h3-Q046=\":443\"; ma=2592000,h3-Q043=\":443\"; ma=2592000,quic=\":443\"; ma=2592000; v=\"46,43\"","accept-ranges":"none","transfer-encoding":"chunked"}
[debug] [2021-09-24T19:29:48.326Z] >>> HTTP REQUEST PATCH https://firebasehosting.googleapis.com/v1beta1/sites/chat-app-41bde/versions/bafec7938b23f5e0?updateMask=status  
 {"status":"FINALIZED"}
[debug] [2021-09-24T19:29:49.677Z] <<< HTTP RESPONSE 200 {"content-type":"application/json; charset=UTF-8","vary":"X-Origin, Referer, Origin,Accept-Encoding","date":"Fri, 24 Sep 2021 19:29:50 GMT","server":"ESF","cache-control":"private","x-xss-protection":"0","x-frame-options":"SAMEORIGIN","x-content-type-options":"nosniff","alt-svc":"h3=\":443\"; ma=2592000,h3-29=\":443\"; ma=2592000,h3-T051=\":443\"; ma=2592000,h3-Q050=\":443\"; ma=2592000,h3-Q046=\":443\"; ma=2592000,h3-Q043=\":443\"; ma=2592000,quic=\":443\"; ma=2592000; v=\"46,43\"","accept-ranges":"none","transfer-encoding":"chunked"}
[debug] [2021-09-24T19:29:49.678Z] [hosting] finalized version for chat-app-41bde: {"name":"sites/chat-app-41bde/versions/bafec7938b23f5e0","status":"FINALIZED","config":{"rewrites":[{"glob":"**","path":"/index.html"}]},"labels":{"deployment-tool":"cli-firebase"},"createTime":"2021-09-24T19:29:11.322116Z","createUser":{"email":"bavarY1515@gmail.com"},"finalizeTime":"2021-09-24T19:29:49.984394Z","finalizeUser":{"email":"bavarY1515@gmail.com"}}
[info] +  hosting[chat-app-41bde]: version finalized 
[info] i  hosting[chat-app-41bde]: releasing new version... 
[debug] [2021-09-24T19:29:49.680Z] >>> HTTP REQUEST POST https://firebasehosting.googleapis.com/v1beta1/sites/chat-app-41bde/releases?version_name=sites/chat-app-41bde/versions/bafec7938b23f5e0  
 {"message":null}
[debug] [2021-09-24T19:29:50.802Z] <<< HTTP RESPONSE 200 {"content-type":"application/json; charset=UTF-8","vary":"X-Origin, Referer, Origin,Accept-Encoding","date":"Fri, 24 Sep 2021 19:29:51 GMT","server":"ESF","cache-control":"private","x-xss-protection":"0","x-frame-options":"SAMEORIGIN","x-content-type-options":"nosniff","alt-svc":"h3=\":443\"; ma=2592000,h3-29=\":443\"; ma=2592000,h3-T051=\":443\"; ma=2592000,h3-Q050=\":443\"; ma=2592000,h3-Q046=\":443\"; ma=2592000,h3-Q043=\":443\"; ma=2592000,quic=\":443\"; ma=2592000; v=\"46,43\"","accept-ranges":"none","transfer-encoding":"chunked"}
[debug] [2021-09-24T19:29:50.803Z] [hosting] release: {"name":"sites/chat-app-41bde/releases/1632511790445915","version":{"name":"sites/chat-app-41bde/versions/bafec7938b23f5e0","status":"FINALIZED","config":{"rewrites":[{"glob":"**","path":"/index.html"}]},"labels":{"deployment-tool":"cli-firebase"},"createTime":"2021-09-24T19:29:11.322116Z","createUser":{"email":"bavarY1515@gmail.com"},"finalizeTime":"2021-09-24T19:29:49.984394Z","finalizeUser":{"email":"bavarY1515@gmail.com"}},"type":"DEPLOY","releaseTime":"2021-09-24T19:29:50.445915027Z","releaseUser":{"email":"bavarY1515@gmail.com"}}
[info] +  hosting[chat-app-41bde]: release complete 
[info] 
[info] +  Deploy complete! 
[info] 
[info] Project Console: https://console.firebase.google.com/project/chat-app-41bde/overview
[info] Hosting URL: https://chat-app-41bde.web.app
